<?xml version="1.0" encoding="UTF-8"?>
<!-- Generated by org.testng.reporters.JUnitXMLReporter -->
<testsuite ignored="0" hostname="nithesh-PC" failures="1" tests="2" name="Media" time="35.307" errors="0" timestamp="2021-11-14T15:08:35 IST">
  <testcase classname="testcases.MediaRelase" name="ValidImagesTest" time="28.346"/>
  <testcase classname="testcases.MediaRelase" name="BrokenImageTest" time="5.344">
    <failure type="java.lang.AssertionError" message="expected [true] but found [false]">
      <![CDATA[java.lang.AssertionError: expected [true] but found [false]
at testcases.MediaRelase.BrokenImageTest(MediaRelase.java:66)
at java.base/java.util.ArrayList.forEach(ArrayList.java:1511)
... Removed 33 stack frames]]>
    </failure>
  </testcase> <!-- BrokenImageTest -->
</testsuite> <!-- Media -->
