<?xml version="1.0" encoding="UTF-8"?>
<!-- Generated by org.testng.reporters.JUnitXMLReporter -->
<testsuite ignored="0" hostname="nithesh-PC" failures="0" tests="3" name="publicationTest" time="82.76" errors="0" timestamp="2021-11-14T15:10:40 IST">
  <testcase classname="testcases.Publication" name="DocumentAvailabilityTest" time="24.254"/>
  <testcase classname="testcases.Publication" name="PublicationDocumentVisibilityTest" time="25.23"/>
  <testcase classname="testcases.Publication" name="ValidUrlTest" time="33.256"/>
</testsuite> <!-- publicationTest -->
