<?xml version="1.0" encoding="UTF-8"?>
<!-- Generated by org.testng.reporters.JUnitXMLReporter -->
<testsuite ignored="0" hostname="nithesh-PC" failures="1" tests="2" name="Media" time="24.628" errors="0" timestamp="2021-11-14T17:53:13 IST">
  <testcase classname="testcases.MediaRelase" name="ValidImagesTest" time="18.51"/>
  <testcase classname="testcases.MediaRelase" name="BrokenImageTest" time="4.785">
    <failure type="java.lang.AssertionError" message="expected [true] but found [false]">
      <![CDATA[java.lang.AssertionError: expected [true] but found [false]
at testcases.MediaRelase.BrokenImageTest(MediaRelase.java:71)
at java.base/java.util.ArrayList.forEach(ArrayList.java:1511)
... Removed 37 stack frames]]>
    </failure>
  </testcase> <!-- BrokenImageTest -->
</testsuite> <!-- Media -->
