<?xml version="1.0" encoding="UTF-8"?>
<!-- Generated by org.testng.reporters.JUnitXMLReporter -->
<testsuite ignored="0" hostname="nithesh-PC" failures="1" tests="2" name="photoGallery" time="43.649" errors="0" timestamp="2021-11-14T17:53:57 IST">
  <testcase classname="testcases.PhotoGallery" name="paginationAndImageTest" time="28.461">
    <failure type="java.lang.AssertionError" message="expected [false] but found [true]">
      <![CDATA[java.lang.AssertionError: expected [false] but found [true]
at testcases.PhotoGallery.paginationAndImageTest(PhotoGallery.java:47)
at java.base/java.util.ArrayList.forEach(ArrayList.java:1511)
... Removed 37 stack frames]]>
    </failure>
  </testcase> <!-- paginationAndImageTest -->
  <testcase classname="testcases.PhotoGallery" name="PaginationTest" time="12.952"/>
</testsuite> <!-- photoGallery -->
