<?xml version="1.0" encoding="UTF-8"?>
<testsuite xmlns:xsi="http://www.w3.org/2001/XMLSchema-instance" xsi:noNamespaceSchemaLocation="https://maven.apache.org/surefire/maven-surefire-plugin/xsd/surefire-test-report-3.0.xsd" version="3.0" name="TestSuite" time="444.934" tests="11" errors="0" skipped="0" failures="3">
  <properties>
[...]
</properties>
  <testcase name="ValidImagesTest" classname="testcases.MediaRelase" time="18.221">
    <system-out><![CDATA[ValidImagesTest testcase started
-----------passed case ------------
ValidImagesTest testCase passed
]]></system-out>
    <system-err><![CDATA[SLF4J: Failed to load class "org.slf4j.impl.StaticLoggerBinder".
SLF4J: Defaulting to no-operation (NOP) logger implementation
SLF4J: See http://www.slf4j.org/codes.html#StaticLoggerBinder for further details.
Starting MSEdgeDriver 95.0.1020.53 (9087d157c393871ec793923ce2b15ad1a91ccfb1) on port 15449
Only local connections are allowed.
Please see https://chromedriver.chromium.org/security-considerations for suggestions on keeping MSEdgeDriver safe.
MSEdgeDriver was started successfully.
Nov 14, 2021 5:51:27 PM org.openqa.selenium.remote.ProtocolHandshake createSession
INFO: Detected dialect: W3C
]]></system-err>
  </testcase>
  <testcase name="BrokenImageTest" classname="testcases.MediaRelase" time="5.867">
    <failure message="expected [true] but found [false]" type="java.lang.AssertionError"><![CDATA[java.lang.AssertionError: expected [true] but found [false]
	at testcases.MediaRelase.BrokenImageTest(MediaRelase.java:71)
]]></failure>
    <system-out><![CDATA[BrokenImageTest testcase started
-----------failed case ------------
BrokenImageTest testCase failed
]]></system-out>
  </testcase>
  <testcase name="paginationAndImageTest[2245, value, 3](1)" classname="testcases.PhotoGallery" time="30.686">
    <failure message="expected [false] but found [true]" type="java.lang.AssertionError"><![CDATA[java.lang.AssertionError: expected [false] but found [true]
	at testcases.PhotoGallery.paginationAndImageTest(PhotoGallery.java:47)
]]></failure>
    <system-out><![CDATA[paginationAndImageTest testcase started
2245 value 3
-----------failed case ------------
paginationAndImageTest testCase failed
]]></system-out>
  </testcase>
  <testcase name="PaginationTest" classname="testcases.PhotoGallery" time="12.952">
    <system-out><![CDATA[PaginationTest testcase started
-----------passed case ------------
PaginationTest testCase passed
]]></system-out>
  </testcase>
  <testcase name="DocumentAvailabilityTest[3, index](1)" classname="testcases.Publication" time="25.973">
    <system-out><![CDATA[DocumentAvailabilityTest testcase started
-----------passed case ------------
DocumentAvailabilityTest testCase passed
]]></system-out>
  </testcase>
  <testcase name="PublicationDocumentVisibilityTest" classname="testcases.Publication" time="25.742">
    <system-out><![CDATA[PublicationDocumentVisibilityTest testcase started
-----------passed case ------------
PublicationDocumentVisibilityTest testCase passed
]]></system-out>
  </testcase>
  <testcase name="ValidUrlTest" classname="testcases.Publication" time="7.336">
    <failure message="no such element: Unable to locate element: {&quot;method&quot;:&quot;xpath&quot;,&quot;selector&quot;:&quot;//a[text()=&apos;Col Samir Srivastava&apos;]&quot;}&#10;  (Session info: MicrosoftEdge=95.0.1020.40)&#10;For documentation on this error, please visit: https://www.seleniumhq.org/exceptions/no_such_element.html&#10;Build info: version: &apos;3.141.59&apos;, revision: &apos;e82be7d358&apos;, time: &apos;2018-11-14T08:17:03&apos;&#10;System info: host: &apos;NITHESH-PC&apos;, ip: &apos;192.168.228.76&apos;, os.name: &apos;Windows 10&apos;, os.arch: &apos;amd64&apos;, os.version: &apos;10.0&apos;, java.version: &apos;16.0.1&apos;&#10;Driver info: org.openqa.selenium.edge.EdgeDriver&#10;Capabilities {acceptInsecureCerts: false, browserName: msedge, browserVersion: 95.0.1020.40, javascriptEnabled: true, ms:edgeOptions: {debuggerAddress: localhost:60063}, msedge: {msedgedriverVersion: 95.0.1020.53 (9087d157c3938..., userDataDir: C:\Users\nithesh\AppData\Lo...}, networkConnectionEnabled: false, pageLoadStrategy: normal, platform: WINDOWS, platformName: WINDOWS, proxy: Proxy(), setWindowRect: true, strictFileInteractability: false, timeouts: {implicit: 0, pageLoad: 300000, script: 30000}, unhandledPromptBehavior: dismiss and notify, webauthn:extension:credBlob: true, webauthn:extension:largeBlob: true, webauthn:virtualAuthenticators: true}&#10;Session ID: 2db459ea27d7cce4e520111bf46389c6&#10;*** Element info: {Using=xpath, value=//a[text()=&apos;Col Samir Srivastava&apos;]}" type="org.openqa.selenium.NoSuchElementException"><![CDATA[org.openqa.selenium.NoSuchElementException: 
no such element: Unable to locate element: {"method":"xpath","selector":"//a[text()='Col Samir Srivastava']"}
  (Session info: MicrosoftEdge=95.0.1020.40)
For documentation on this error, please visit: https://www.seleniumhq.org/exceptions/no_such_element.html
Build info: version: '3.141.59', revision: 'e82be7d358', time: '2018-11-14T08:17:03'
System info: host: 'NITHESH-PC', ip: '192.168.228.76', os.name: 'Windows 10', os.arch: 'amd64', os.version: '10.0', java.version: '16.0.1'
Driver info: org.openqa.selenium.edge.EdgeDriver
Capabilities {acceptInsecureCerts: false, browserName: msedge, browserVersion: 95.0.1020.40, javascriptEnabled: true, ms:edgeOptions: {debuggerAddress: localhost:60063}, msedge: {msedgedriverVersion: 95.0.1020.53 (9087d157c3938..., userDataDir: C:\Users\nithesh\AppData\Lo...}, networkConnectionEnabled: false, pageLoadStrategy: normal, platform: WINDOWS, platformName: WINDOWS, proxy: Proxy(), setWindowRect: true, strictFileInteractability: false, timeouts: {implicit: 0, pageLoad: 300000, script: 30000}, unhandledPromptBehavior: dismiss and notify, webauthn:extension:credBlob: true, webauthn:extension:largeBlob: true, webauthn:virtualAuthenticators: true}
Session ID: 2db459ea27d7cce4e520111bf46389c6
*** Element info: {Using=xpath, value=//a[text()='Col Samir Srivastava']}
	at testcases.Publication.ValidUrlTest(Publication.java:63)
]]></failure>
    <system-out><![CDATA[ValidUrlTest testcase started
-----------failed case ------------
ValidUrlTest testCase failed
]]></system-out>
  </testcase>
  <testcase name="DocumentDownloadTest" classname="testcases.Tender" time="48.77">
    <system-out><![CDATA[DocumentDownloadTest testcase started
-----------passed case ------------
DocumentDownloadTest testCase passed
]]></system-out>
  </testcase>
  <testcase name="DocumenVisibilityTest" classname="testcases.Tender" time="19.907">
    <system-out><![CDATA[DocumenVisibilityTest testcase started
-----------passed case ------------
DocumenVisibilityTest testCase passed
]]></system-out>
  </testcase>
  <testcase name="LinkTest" classname="testcases.Leaders" time="24.126">
    <system-out><![CDATA[LinkTest testcase started
-----------passed case ------------
LinkTest testCase passed
]]></system-out>
  </testcase>
  <testcase name="ValidNaviagtionTest" classname="testcases.MakeInIndia" time="27.928">
    <system-out><![CDATA[ValidNaviagtionTest testcase started
-----------passed case ------------
ValidNaviagtionTest testCase passed
]]></system-out>
  </testcase>
</testsuite>